./scripts/lab2traj.sh -labdur -hmmdir models/hts -labdir original/lab -outdir traj-dur -filename utt9
>>>nf=31 28
>>>nf=25 26
>>>nf=9 8
>>>nf=25 28
>>>nf=13 12
>>>nf=8 5
>>>nf=7 7
>>>nf=20 23
>>>nf=11 15
>>>nf=20 13
>>>nf=10 18
>>>nf=19 23
>>>nf=10 11
>>>nf=9 6
>>>nf=22 17
>>>nf=12 13
>>>nf=7 6
>>>nf=15 14
>>>nf=8 7
>>>nf=28 25
>>>nf=20 17
>>>nf=20 22
>>>nf=26 22
>>>nf=39 36
>>>nf=49 41
0.000  #
    state duration index: 608
    state:2  #Frames:2  Mcep index:1 logF0 (unvoiced weight 1.00) index:1 Bndap: index1 
    state:3  #Frames:2  Mcep index:2 logF0 (unvoiced weight 1.00) index:15 Bndap: index1 
    state:4  #Frames:14  Mcep index:1 logF0 (unvoiced weight 1.00) index:19 Bndap: index3 
    state:5  #Frames:9  Mcep index:2 logF0 (unvoiced weight 1.00) index:59 Bndap: index7 
    state:6  #Frames:1  Mcep index:43 logF0 (unvoiced weight 0.98) index:604 Bndap: index98 
0.140  s
    state duration index: 99
    state:2  #Frames:4  Mcep index:80 logF0 (unvoiced weight 1.00) index:44 Bndap: index45 
    state:3  #Frames:5  Mcep index:138 logF0 (unvoiced weight 0.98) index:343 Bndap: index39 
    state:4  #Frames:9  Mcep index:109 logF0 (unvoiced weight 1.00) index:620 Bndap: index89 
    state:5  #Frames:5  Mcep index:29 logF0 (unvoiced weight 1.00) index:110 Bndap: index69 
    state:6  #Frames:3  Mcep index:9 logF0 (unvoiced weight 1.00) index:3 Bndap: index76 
0.270  l
    state duration index: 238
    state:2  #Frames:2  Mcep index:199 logF0 (unvoiced weight 0.77) index:25 Bndap: index21 
    state:3  #Frames:2  Mcep index:218 logF0 (voiced weight 0.90) index:863 Bndap: index136 
    state:4  #Frames:1  Mcep index:78 logF0 (voiced weight 1.00) index:424 Bndap: index128 
    state:5  #Frames:1  Mcep index:10 logF0 (voiced weight 1.00) index:99 Bndap: index77 
    state:6  #Frames:2  Mcep index:190 logF0 (voiced weight 1.00) index:143 Bndap: index3 
0.310  aI
    state duration index: 1103
    state:2  #Frames:4  Mcep index:65 logF0 (voiced weight 1.00) index:841 Bndap: index76 
    state:3  #Frames:8  Mcep index:64 logF0 (voiced weight 1.00) index:776 Bndap: index168 
    state:4  #Frames:6  Mcep index:158 logF0 (voiced weight 1.00) index:239 Bndap: index141 
    state:5  #Frames:6  Mcep index:152 logF0 (voiced weight 1.00) index:619 Bndap: index127 
    state:6  #Frames:4  Mcep index:94 logF0 (voiced weight 1.00) index:374 Bndap: index157 
0.450  d
    state duration index: 432
    state:2  #Frames:5  Mcep index:313 logF0 (voiced weight 0.94) index:595 Bndap: index131 
    state:3  #Frames:3  Mcep index:74 logF0 (unvoiced weight 0.68) index:80 Bndap: index70 
    state:4  #Frames:2  Mcep index:144 logF0 (unvoiced weight 0.80) index:355 Bndap: index93 
    state:5  #Frames:1  Mcep index:38 logF0 (unvoiced weight 0.55) index:70 Bndap: index79 
    state:6  #Frames:1  Mcep index:46 logF0 (unvoiced weight 0.79) index:634 Bndap: index11 
0.510  D
    state duration index: 724
    state:2  #Frames:1  Mcep index:131 logF0 (unvoiced weight 0.93) index:281 Bndap: index149 
    state:3  #Frames:2  Mcep index:111 logF0 (unvoiced weight 0.93) index:199 Bndap: index35 
    state:4  #Frames:1  Mcep index:120 logF0 (unvoiced weight 0.76) index:215 Bndap: index110 
    state:5  #Frames:1  Mcep index:58 logF0 (voiced weight 0.70) index:189 Bndap: index116 
    state:6  #Frames:1  Mcep index:160 logF0 (voiced weight 0.98) index:679 Bndap: index117 
0.540  @
    state duration index: 1042
    state:2  #Frames:1  Mcep index:35 logF0 (voiced weight 1.00) index:360 Bndap: index176 
    state:3  #Frames:1  Mcep index:28 logF0 (voiced weight 0.99) index:51 Bndap: index94 
    state:4  #Frames:1  Mcep index:56 logF0 (voiced weight 0.98) index:486 Bndap: index161 
    state:5  #Frames:1  Mcep index:99 logF0 (voiced weight 0.99) index:185 Bndap: index20 
    state:6  #Frames:2  Mcep index:53 logF0 (voiced weight 0.97) index:101 Bndap: index136 
0.570  t
    state duration index: 572
    state:2  #Frames:2  Mcep index:284 logF0 (voiced weight 0.69) index:76 Bndap: index71 
    state:3  #Frames:4  Mcep index:17 logF0 (unvoiced weight 0.99) index:54 Bndap: index90 
    state:4  #Frames:3  Mcep index:96 logF0 (unvoiced weight 1.00) index:117 Bndap: index115 
    state:5  #Frames:5  Mcep index:64 logF0 (unvoiced weight 0.99) index:646 Bndap: index28 
    state:6  #Frames:9  Mcep index:187 logF0 (unvoiced weight 1.00) index:3 Bndap: index77 
0.685  r
    state duration index: 595
    state:2  #Frames:3  Mcep index:296 logF0 (unvoiced weight 0.81) index:15 Bndap: index21 
    state:3  #Frames:2  Mcep index:251 logF0 (voiced weight 0.96) index:456 Bndap: index82 
    state:4  #Frames:3  Mcep index:76 logF0 (voiced weight 1.00) index:425 Bndap: index37 
    state:5  #Frames:3  Mcep index:31 logF0 (voiced weight 1.00) index:624 Bndap: index47 
    state:6  #Frames:4  Mcep index:14 logF0 (voiced weight 1.00) index:145 Bndap: index132 
0.760  eI
    state duration index: 905
    state:2  #Frames:3  Mcep index:88 logF0 (voiced weight 1.00) index:487 Bndap: index122 
    state:3  #Frames:4  Mcep index:13 logF0 (voiced weight 1.00) index:970 Bndap: index63 
    state:4  #Frames:2  Mcep index:63 logF0 (voiced weight 1.00) index:390 Bndap: index106 
    state:5  #Frames:2  Mcep index:123 logF0 (voiced weight 1.00) index:238 Bndap: index45 
    state:6  #Frames:2  Mcep index:200 logF0 (voiced weight 1.00) index:39 Bndap: index101 
0.825  @
    state duration index: 630
    state:2  #Frames:5  Mcep index:256 logF0 (voiced weight 1.00) index:511 Bndap: index145 
    state:3  #Frames:6  Mcep index:42 logF0 (voiced weight 1.00) index:17 Bndap: index87 
    state:4  #Frames:2  Mcep index:175 logF0 (voiced weight 1.00) index:361 Bndap: index14 
    state:5  #Frames:3  Mcep index:99 logF0 (voiced weight 0.99) index:230 Bndap: index20 
    state:6  #Frames:2  Mcep index:53 logF0 (voiced weight 0.95) index:259 Bndap: index16 
0.915  k
    state duration index: 353
    state:2  #Frames:5  Mcep index:97 logF0 (unvoiced weight 0.50) index:8 Bndap: index72 
    state:3  #Frames:6  Mcep index:78 logF0 (unvoiced weight 0.99) index:1170 Bndap: index89 
    state:4  #Frames:4  Mcep index:53 logF0 (unvoiced weight 1.00) index:827 Bndap: index9 
    state:5  #Frames:4  Mcep index:93 logF0 (unvoiced weight 0.99) index:454 Bndap: index11 
    state:6  #Frames:4  Mcep index:26 logF0 (unvoiced weight 1.00) index:3 Bndap: index77 
1.030  r
    state duration index: 226
    state:2  #Frames:2  Mcep index:296 logF0 (unvoiced weight 0.77) index:25 Bndap: index21 
    state:3  #Frames:2  Mcep index:251 logF0 (voiced weight 0.96) index:456 Bndap: index82 
    state:4  #Frames:3  Mcep index:76 logF0 (voiced weight 1.00) index:425 Bndap: index37 
    state:5  #Frames:1  Mcep index:150 logF0 (voiced weight 1.00) index:201 Bndap: index152 
    state:6  #Frames:3  Mcep index:39 logF0 (voiced weight 0.99) index:63 Bndap: index70 
1.085  Q
    state duration index: 739
    state:2  #Frames:2  Mcep index:145 logF0 (voiced weight 1.00) index:438 Bndap: index82 
    state:3  #Frames:1  Mcep index:273 logF0 (voiced weight 1.00) index:762 Bndap: index73 
    state:4  #Frames:1  Mcep index:124 logF0 (voiced weight 1.00) index:293 Bndap: index95 
    state:5  #Frames:1  Mcep index:106 logF0 (voiced weight 1.00) index:30 Bndap: index107 
    state:6  #Frames:1  Mcep index:206 logF0 (voiced weight 1.00) index:321 Bndap: index172 
1.115  s
    state duration index: 664
    state:2  #Frames:2  Mcep index:150 logF0 (voiced weight 0.91) index:481 Bndap: index169 
    state:3  #Frames:3  Mcep index:126 logF0 (unvoiced weight 0.98) index:343 Bndap: index38 
    state:4  #Frames:7  Mcep index:81 logF0 (unvoiced weight 1.00) index:620 Bndap: index88 
    state:5  #Frames:2  Mcep index:29 logF0 (unvoiced weight 1.00) index:95 Bndap: index68 
    state:6  #Frames:3  Mcep index:34 logF0 (unvoiced weight 0.99) index:18 Bndap: index163 
1.200  D
    state duration index: 69
    state:2  #Frames:7  Mcep index:130 logF0 (unvoiced weight 1.00) index:196 Bndap: index150 
    state:3  #Frames:2  Mcep index:111 logF0 (unvoiced weight 0.97) index:681 Bndap: index162 
    state:4  #Frames:2  Mcep index:120 logF0 (unvoiced weight 0.79) index:54 Bndap: index110 
    state:5  #Frames:1  Mcep index:58 logF0 (voiced weight 0.71) index:4 Bndap: index116 
    state:6  #Frames:1  Mcep index:160 logF0 (voiced weight 1.00) index:678 Bndap: index117 
1.265  @
    state duration index: 264
    state:2  #Frames:2  Mcep index:35 logF0 (voiced weight 1.00) index:17 Bndap: index176 
    state:3  #Frames:1  Mcep index:28 logF0 (voiced weight 0.97) index:257 Bndap: index94 
    state:4  #Frames:1  Mcep index:56 logF0 (voiced weight 0.99) index:91 Bndap: index161 
    state:5  #Frames:1  Mcep index:99 logF0 (voiced weight 0.98) index:231 Bndap: index20 
    state:6  #Frames:1  Mcep index:53 logF0 (voiced weight 0.97) index:101 Bndap: index136 
1.295  g
    state duration index: 785
    state:2  #Frames:4  Mcep index:31 logF0 (voiced weight 0.94) index:97 Bndap: index130 
    state:3  #Frames:2  Mcep index:137 logF0 (unvoiced weight 0.93) index:9 Bndap: index70 
    state:4  #Frames:3  Mcep index:53 logF0 (unvoiced weight 0.90) index:9 Bndap: index34 
    state:5  #Frames:3  Mcep index:18 logF0 (unvoiced weight 0.85) index:222 Bndap: index41 
    state:6  #Frames:2  Mcep index:164 logF0 (voiced weight 0.64) index:141 Bndap: index113 
1.365  l
    state duration index: 677
    state:2  #Frames:1  Mcep index:95 logF0 (voiced weight 0.96) index:30 Bndap: index52 
    state:3  #Frames:1  Mcep index:218 logF0 (voiced weight 1.00) index:202 Bndap: index194 
    state:4  #Frames:2  Mcep index:78 logF0 (voiced weight 1.00) index:801 Bndap: index46 
    state:5  #Frames:1  Mcep index:10 logF0 (voiced weight 1.00) index:325 Bndap: index77 
    state:6  #Frames:2  Mcep index:190 logF0 (voiced weight 1.00) index:143 Bndap: index3 
1.400  A
    state duration index: 861
    state:2  #Frames:3  Mcep index:65 logF0 (voiced weight 1.00) index:437 Bndap: index74 
    state:3  #Frames:2  Mcep index:76 logF0 (voiced weight 1.00) index:302 Bndap: index59 
    state:4  #Frames:6  Mcep index:143 logF0 (voiced weight 1.00) index:165 Bndap: index122 
    state:5  #Frames:10  Mcep index:134 logF0 (voiced weight 1.00) index:508 Bndap: index99 
    state:6  #Frames:4  Mcep index:111 logF0 (voiced weight 1.00) index:53 Bndap: index157 
1.525  s
    state duration index: 269
    state:2  #Frames:3  Mcep index:149 logF0 (voiced weight 0.91) index:481 Bndap: index169 
    state:3  #Frames:2  Mcep index:126 logF0 (unvoiced weight 0.98) index:343 Bndap: index38 
    state:4  #Frames:7  Mcep index:163 logF0 (unvoiced weight 1.00) index:620 Bndap: index88 
    state:5  #Frames:2  Mcep index:29 logF0 (unvoiced weight 1.00) index:95 Bndap: index68 
    state:6  #Frames:3  Mcep index:34 logF0 (unvoiced weight 0.99) index:18 Bndap: index163 
1.610  t
    state duration index: 915
    state:2  #Frames:4  Mcep index:82 logF0 (unvoiced weight 1.00) index:223 Bndap: index123 
    state:3  #Frames:4  Mcep index:18 logF0 (unvoiced weight 1.00) index:1019 Bndap: index43 
    state:4  #Frames:2  Mcep index:30 logF0 (unvoiced weight 1.00) index:817 Bndap: index11 
    state:5  #Frames:4  Mcep index:156 logF0 (unvoiced weight 0.99) index:454 Bndap: index60 
    state:6  #Frames:8  Mcep index:150 logF0 (unvoiced weight 0.84) index:212 Bndap: index119 
1.720  Q
    state duration index: 1060
    state:2  #Frames:3  Mcep index:190 logF0 (voiced weight 0.99) index:28 Bndap: index32 
    state:3  #Frames:7  Mcep index:70 logF0 (voiced weight 1.00) index:1023 Bndap: index196 
    state:4  #Frames:8  Mcep index:23 logF0 (voiced weight 1.00) index:751 Bndap: index41 
    state:5  #Frames:1  Mcep index:106 logF0 (voiced weight 1.00) index:233 Bndap: index94 
    state:6  #Frames:3  Mcep index:170 logF0 (voiced weight 1.00) index:442 Bndap: index99 
1.830  p
    state duration index: 13
    state:2  #Frames:6  Mcep index:249 logF0 (unvoiced weight 0.78) index:228 Bndap: index177 
    state:3  #Frames:12  Mcep index:108 logF0 (unvoiced weight 1.00) index:1169 Bndap: index128 
    state:4  #Frames:1  Mcep index:3 logF0 (unvoiced weight 0.99) index:829 Bndap: index2 
    state:5  #Frames:4  Mcep index:146 logF0 (unvoiced weight 1.00) index:11 Bndap: index1 
    state:6  #Frames:13  Mcep index:201 logF0 (unvoiced weight 0.99) index:2 Bndap: index42 
2.010  #
    state duration index: 371
    state:2  #Frames:3  Mcep index:177 logF0 (unvoiced weight 1.00) index:1 Bndap: index142 
    state:3  #Frames:7  Mcep index:180 logF0 (unvoiced weight 1.00) index:16 Bndap: index48 
    state:4  #Frames:7  Mcep index:4 logF0 (unvoiced weight 1.00) index:34 Bndap: index32 
    state:5  #Frames:22  Mcep index:1 logF0 (unvoiced weight 1.00) index:58 Bndap: index5 
    state:6  #Frames:2  Mcep index:1 logF0 (unvoiced weight 1.00) index:605 Bndap: index1 
V/UV modifed frames: 1 voiced frame: 181 total frame:443
