./scripts/lab2traj.sh -labdur -hmmdir models/hts -labdir original/lab -outdir traj-dur -filename utt8
>>>nf=46 29
>>>nf=19 16
>>>nf=25 25
>>>nf=16 19
>>>nf=9 13
>>>nf=6 6
>>>nf=23 26
>>>nf=36 54
>>>nf=11 12
>>>nf=28 35
>>>nf=11 16
>>>nf=11 5
>>>nf=8 8
>>>nf=31 21
>>>nf=13 13
>>>nf=18 23
>>>nf=15 12
>>>nf=14 17
>>>nf=5 6
>>>nf=9 5
>>>nf=13 18
>>>nf=17 16
>>>nf=12 16
>>>nf=7 6
>>>nf=15 18
>>>nf=32 7
>>>nf=27 49
>>>nf=15 20
>>>nf=64 52
0.000  #
    state duration index: 40
    state:2  #Frames:1  Mcep index:1 logF0 (unvoiced weight 1.00) index:1 Bndap: index1 
    state:3  #Frames:2  Mcep index:2 logF0 (unvoiced weight 1.00) index:15 Bndap: index1 
    state:4  #Frames:19  Mcep index:1 logF0 (unvoiced weight 1.00) index:106 Bndap: index3 
    state:5  #Frames:4  Mcep index:2 logF0 (unvoiced weight 1.00) index:59 Bndap: index7 
    state:6  #Frames:3  Mcep index:48 logF0 (unvoiced weight 1.00) index:605 Bndap: index98 
0.145  dZ
    state duration index: 14
    state:2  #Frames:3  Mcep index:302 logF0 (unvoiced weight 0.58) index:280 Bndap: index181 
    state:3  #Frames:3  Mcep index:1 logF0 (unvoiced weight 0.97) index:681 Bndap: index40 
    state:4  #Frames:6  Mcep index:136 logF0 (unvoiced weight 0.99) index:78 Bndap: index6 
    state:5  #Frames:1  Mcep index:32 logF0 (unvoiced weight 0.90) index:246 Bndap: index42 
    state:6  #Frames:3  Mcep index:212 logF0 (voiced weight 0.97) index:15 Bndap: index105 
0.225  @@
    state duration index: 21
    state:2  #Frames:13  Mcep index:246 logF0 (voiced weight 1.00) index:84 Bndap: index108 
    state:3  #Frames:7  Mcep index:309 logF0 (voiced weight 1.00) index:782 Bndap: index204 
    state:4  #Frames:3  Mcep index:43 logF0 (voiced weight 1.00) index:353 Bndap: index140 
    state:5  #Frames:1  Mcep index:100 logF0 (voiced weight 1.00) index:161 Bndap: index23 
    state:6  #Frames:1  Mcep index:208 logF0 (voiced weight 1.00) index:375 Bndap: index71 
0.350  k
    state duration index: 121
    state:2  #Frames:6  Mcep index:285 logF0 (voiced weight 0.50) index:220 Bndap: index55 
    state:3  #Frames:6  Mcep index:128 logF0 (unvoiced weight 0.99) index:1170 Bndap: index89 
    state:4  #Frames:2  Mcep index:53 logF0 (unvoiced weight 0.99) index:829 Bndap: index9 
    state:5  #Frames:3  Mcep index:77 logF0 (unvoiced weight 0.95) index:357 Bndap: index11 
    state:6  #Frames:2  Mcep index:33 logF0 (unvoiced weight 0.96) index:273 Bndap: index163 
0.445  D
    state duration index: 487
    state:2  #Frames:4  Mcep index:131 logF0 (unvoiced weight 0.91) index:197 Bndap: index149 
    state:3  #Frames:3  Mcep index:111 logF0 (unvoiced weight 0.93) index:199 Bndap: index162 
    state:4  #Frames:2  Mcep index:120 logF0 (unvoiced weight 0.76) index:215 Bndap: index110 
    state:5  #Frames:1  Mcep index:58 logF0 (voiced weight 0.70) index:189 Bndap: index116 
    state:6  #Frames:3  Mcep index:160 logF0 (voiced weight 0.98) index:679 Bndap: index117 
0.510  @
    state duration index: 1049
    state:2  #Frames:1  Mcep index:35 logF0 (voiced weight 1.00) index:360 Bndap: index176 
    state:3  #Frames:2  Mcep index:28 logF0 (voiced weight 0.99) index:51 Bndap: index94 
    state:4  #Frames:1  Mcep index:56 logF0 (voiced weight 0.98) index:486 Bndap: index161 
    state:5  #Frames:1  Mcep index:99 logF0 (voiced weight 0.99) index:185 Bndap: index20 
    state:6  #Frames:1  Mcep index:53 logF0 (voiced weight 1.00) index:376 Bndap: index136 
0.540  k
    state duration index: 1108
    state:2  #Frames:5  Mcep index:97 logF0 (unvoiced weight 0.50) index:8 Bndap: index72 
    state:3  #Frames:7  Mcep index:78 logF0 (unvoiced weight 1.00) index:1169 Bndap: index68 
    state:4  #Frames:4  Mcep index:139 logF0 (unvoiced weight 1.00) index:827 Bndap: index9 
    state:5  #Frames:5  Mcep index:94 logF0 (unvoiced weight 0.99) index:454 Bndap: index11 
    state:6  #Frames:5  Mcep index:117 logF0 (unvoiced weight 0.86) index:597 Bndap: index50 
0.670  O
    state duration index: 714
    state:2  #Frames:6  Mcep index:41 logF0 (voiced weight 1.00) index:7 Bndap: index8 
    state:3  #Frames:23  Mcep index:210 logF0 (voiced weight 1.00) index:1087 Bndap: index26 
    state:4  #Frames:15  Mcep index:140 logF0 (voiced weight 1.00) index:844 Bndap: index72 
    state:5  #Frames:7  Mcep index:53 logF0 (voiced weight 1.00) index:513 Bndap: index114 
    state:6  #Frames:3  Mcep index:114 logF0 (voiced weight 1.00) index:89 Bndap: index71 
0.940  d
    state duration index: 160
    state:2  #Frames:2  Mcep index:113 logF0 (voiced weight 0.98) index:771 Bndap: index130 
    state:3  #Frames:2  Mcep index:74 logF0 (unvoiced weight 0.81) index:518 Bndap: index70 
    state:4  #Frames:3  Mcep index:144 logF0 (unvoiced weight 0.85) index:405 Bndap: index93 
    state:5  #Frames:3  Mcep index:47 logF0 (unvoiced weight 0.70) index:521 Bndap: index78 
    state:6  #Frames:2  Mcep index:46 logF0 (unvoiced weight 0.58) index:633 Bndap: index11 
1.000  pau
    state duration index: 70
    state:2  #Frames:9  Mcep index:50 logF0 (unvoiced weight 0.93) index:215 Bndap: index58 
    state:3  #Frames:2  Mcep index:4 logF0 (unvoiced weight 0.63) index:996 Bndap: index49 
    state:4  #Frames:3  Mcep index:5 logF0 (unvoiced weight 0.80) index:209 Bndap: index33 
    state:5  #Frames:7  Mcep index:3 logF0 (unvoiced weight 0.91) index:474 Bndap: index8 
    state:6  #Frames:14  Mcep index:44 logF0 (unvoiced weight 0.98) index:415 Bndap: index15 
1.175  a
    state duration index: 945
    state:2  #Frames:4  Mcep index:211 logF0 (voiced weight 0.57) index:260 Bndap: index11 
    state:3  #Frames:2  Mcep index:296 logF0 (voiced weight 0.98) index:823 Bndap: index197 
    state:4  #Frames:6  Mcep index:97 logF0 (voiced weight 1.00) index:701 Bndap: index119 
    state:5  #Frames:1  Mcep index:62 logF0 (voiced weight 1.00) index:500 Bndap: index74 
    state:6  #Frames:3  Mcep index:19 logF0 (voiced weight 1.00) index:526 Bndap: index9 
1.255  n
    state duration index: 682
    state:2  #Frames:1  Mcep index:101 logF0 (voiced weight 0.99) index:499 Bndap: index135 
    state:3  #Frames:2  Mcep index:118 logF0 (voiced weight 1.00) index:136 Bndap: index182 
    state:4  #Frames:1  Mcep index:113 logF0 (voiced weight 0.99) index:76 Bndap: index44 
    state:5  #Frames:1  Mcep index:86 logF0 (voiced weight 0.81) index:318 Bndap: index118 
    state:6  #Frames:1  Mcep index:10 logF0 (voiced weight 0.77) index:33 Bndap: index147 
1.285  d
    state duration index: 1100
    state:2  #Frames:1  Mcep index:68 logF0 (voiced weight 0.80) index:190 Bndap: index24 
    state:3  #Frames:1  Mcep index:82 logF0 (voiced weight 0.80) index:476 Bndap: index77 
    state:4  #Frames:2  Mcep index:29 logF0 (voiced weight 0.65) index:341 Bndap: index93 
    state:5  #Frames:2  Mcep index:38 logF0 (voiced weight 0.74) index:55 Bndap: index79 
    state:6  #Frames:1  Mcep index:108 logF0 (voiced weight 0.99) index:453 Bndap: index28 
1.320  aU
    state duration index: 679
    state:2  #Frames:4  Mcep index:218 logF0 (voiced weight 0.98) index:479 Bndap: index79 
    state:3  #Frames:5  Mcep index:313 logF0 (voiced weight 1.00) index:965 Bndap: index205 
    state:4  #Frames:6  Mcep index:165 logF0 (voiced weight 1.00) index:731 Bndap: index133 
    state:5  #Frames:3  Mcep index:125 logF0 (voiced weight 1.00) index:528 Bndap: index128 
    state:6  #Frames:3  Mcep index:106 logF0 (voiced weight 1.00) index:414 Bndap: index157 
1.425  t
    state duration index: 120
    state:2  #Frames:4  Mcep index:112 logF0 (voiced weight 0.60) index:458 Bndap: index55 
    state:3  #Frames:2  Mcep index:17 logF0 (unvoiced weight 0.87) index:494 Bndap: index90 
    state:4  #Frames:3  Mcep index:95 logF0 (unvoiced weight 0.97) index:153 Bndap: index114 
    state:5  #Frames:2  Mcep index:63 logF0 (unvoiced weight 0.80) index:254 Bndap: index28 
    state:6  #Frames:2  Mcep index:33 logF0 (unvoiced weight 0.74) index:270 Bndap: index163 
1.490  t
    state duration index: 839
    state:2  #Frames:4  Mcep index:19 logF0 (unvoiced weight 1.00) index:223 Bndap: index143 
    state:3  #Frames:2  Mcep index:32 logF0 (unvoiced weight 0.99) index:1020 Bndap: index111 
    state:4  #Frames:4  Mcep index:30 logF0 (unvoiced weight 0.99) index:818 Bndap: index11 
    state:5  #Frames:5  Mcep index:156 logF0 (unvoiced weight 0.99) index:454 Bndap: index60 
    state:6  #Frames:8  Mcep index:150 logF0 (unvoiced weight 0.86) index:597 Bndap: index120 
1.605  V
    state duration index: 780
    state:2  #Frames:2  Mcep index:190 logF0 (voiced weight 0.95) index:126 Bndap: index19 
    state:3  #Frames:5  Mcep index:208 logF0 (voiced weight 1.00) index:243 Bndap: index42 
    state:4  #Frames:2  Mcep index:88 logF0 (voiced weight 1.00) index:413 Bndap: index121 
    state:5  #Frames:1  Mcep index:116 logF0 (voiced weight 1.00) index:28 Bndap: index110 
    state:6  #Frames:2  Mcep index:198 logF0 (voiced weight 1.00) index:201 Bndap: index83 
1.665  m
    state duration index: 159
    state:2  #Frames:2  Mcep index:105 logF0 (voiced weight 1.00) index:500 Bndap: index179 
    state:3  #Frames:3  Mcep index:149 logF0 (voiced weight 1.00) index:136 Bndap: index165 
    state:4  #Frames:7  Mcep index:128 logF0 (voiced weight 1.00) index:693 Bndap: index157 
    state:5  #Frames:3  Mcep index:42 logF0 (voiced weight 0.99) index:504 Bndap: index139 
    state:6  #Frames:2  Mcep index:191 logF0 (voiced weight 1.00) index:231 Bndap: index109 
1.750  b
    state duration index: 960
    state:2  #Frames:1  Mcep index:68 logF0 (voiced weight 0.89) index:188 Bndap: index24 
    state:3  #Frames:1  Mcep index:82 logF0 (voiced weight 0.90) index:475 Bndap: index107 
    state:4  #Frames:2  Mcep index:60 logF0 (voiced weight 0.77) index:339 Bndap: index5 
    state:5  #Frames:1  Mcep index:28 logF0 (voiced weight 0.84) index:57 Bndap: index112 
    state:6  #Frames:1  Mcep index:90 logF0 (voiced weight 0.95) index:73 Bndap: index18 
1.780  @
    state duration index: 837
    state:2  #Frames:1  Mcep index:154 logF0 (voiced weight 1.00) index:175 Bndap: index185 
    state:3  #Frames:2  Mcep index:199 logF0 (voiced weight 1.00) index:444 Bndap: index52 
    state:4  #Frames:1  Mcep index:175 logF0 (voiced weight 0.99) index:659 Bndap: index125 
    state:5  #Frames:1  Mcep index:34 logF0 (voiced weight 1.00) index:584 Bndap: index56 
    state:6  #Frames:1  Mcep index:208 logF0 (voiced weight 0.99) index:545 Bndap: index74 
1.810  lw
    state duration index: 81
    state:2  #Frames:6  Mcep index:2 logF0 (voiced weight 1.00) index:111 Bndap: index12 
    state:3  #Frames:1  Mcep index:145 logF0 (voiced weight 1.00) index:826 Bndap: index23 
    state:4  #Frames:3  Mcep index:92 logF0 (voiced weight 1.00) index:478 Bndap: index83 
    state:5  #Frames:4  Mcep index:16 logF0 (voiced weight 1.00) index:648 Bndap: index58 
    state:6  #Frames:3  Mcep index:146 logF0 (voiced weight 0.89) index:303 Bndap: index148 
1.895  z
    state duration index: 985
    state:2  #Frames:5  Mcep index:298 logF0 (voiced weight 0.99) index:96 Bndap: index148 
    state:3  #Frames:2  Mcep index:205 logF0 (voiced weight 0.70) index:173 Bndap: index37 
    state:4  #Frames:1  Mcep index:74 logF0 (unvoiced weight 0.88) index:283 Bndap: index154 
    state:5  #Frames:4  Mcep index:73 logF0 (unvoiced weight 0.93) index:349 Bndap: index100 
    state:6  #Frames:4  Mcep index:45 logF0 (unvoiced weight 0.67) index:172 Bndap: index11 
1.975  D
    state duration index: 69
    state:2  #Frames:8  Mcep index:130 logF0 (unvoiced weight 0.98) index:785 Bndap: index150 
    state:3  #Frames:3  Mcep index:111 logF0 (unvoiced weight 0.97) index:681 Bndap: index35 
    state:4  #Frames:2  Mcep index:120 logF0 (unvoiced weight 0.80) index:299 Bndap: index110 
    state:5  #Frames:2  Mcep index:58 logF0 (voiced weight 0.71) index:4 Bndap: index116 
    state:6  #Frames:1  Mcep index:160 logF0 (voiced weight 0.98) index:679 Bndap: index117 
2.055  @
    state duration index: 264
    state:2  #Frames:1  Mcep index:35 logF0 (voiced weight 1.00) index:17 Bndap: index176 
    state:3  #Frames:2  Mcep index:28 logF0 (voiced weight 1.00) index:479 Bndap: index94 
    state:4  #Frames:1  Mcep index:56 logF0 (voiced weight 0.99) index:91 Bndap: index161 
    state:5  #Frames:1  Mcep index:99 logF0 (voiced weight 0.99) index:230 Bndap: index20 
    state:6  #Frames:1  Mcep index:53 logF0 (voiced weight 0.97) index:618 Bndap: index136 
2.085  g
    state duration index: 563
    state:2  #Frames:5  Mcep index:31 logF0 (voiced weight 0.94) index:217 Bndap: index130 
    state:3  #Frames:3  Mcep index:137 logF0 (unvoiced weight 0.92) index:517 Bndap: index70 
    state:4  #Frames:3  Mcep index:139 logF0 (unvoiced weight 0.99) index:404 Bndap: index34 
    state:5  #Frames:3  Mcep index:18 logF0 (unvoiced weight 0.85) index:222 Bndap: index41 
    state:6  #Frames:4  Mcep index:164 logF0 (voiced weight 0.86) index:673 Bndap: index113 
2.175  @U
    state duration index: 611
    state:2  #Frames:1  Mcep index:221 logF0 (voiced weight 1.00) index:466 Bndap: index199 
    state:3  #Frames:2  Mcep index:297 logF0 (voiced weight 1.00) index:560 Bndap: index175 
    state:4  #Frames:2  Mcep index:13 logF0 (voiced weight 1.00) index:767 Bndap: index152 
    state:5  #Frames:1  Mcep index:8 logF0 (voiced weight 1.00) index:582 Bndap: index82 
    state:6  #Frames:1  Mcep index:169 logF0 (voiced weight 1.00) index:520 Bndap: index29 
2.210  lw
    state duration index: 262
    state:2  #Frames:16  Mcep index:194 logF0 (voiced weight 1.00) index:555 Bndap: index4 
    state:3  #Frames:20  Mcep index:65 logF0 (voiced weight 1.00) index:813 Bndap: index160 
    state:4  #Frames:4  Mcep index:34 logF0 (voiced weight 1.00) index:80 Bndap: index82 
    state:5  #Frames:5  Mcep index:16 logF0 (voiced weight 0.94) index:533 Bndap: index123 
    state:6  #Frames:4  Mcep index:146 logF0 (voiced weight 0.68) index:309 Bndap: index87 
2.455  d
    state duration index: 826
    state:2  #Frames:3  Mcep index:18 logF0 (unvoiced weight 0.95) index:108 Bndap: index143 
    state:3  #Frames:2  Mcep index:162 logF0 (unvoiced weight 0.72) index:436 Bndap: index71 
    state:4  #Frames:3  Mcep index:82 logF0 (unvoiced weight 0.94) index:365 Bndap: index56 
    state:5  #Frames:4  Mcep index:47 logF0 (unvoiced weight 1.00) index:2 Bndap: index78 
    state:6  #Frames:8  Mcep index:138 logF0 (unvoiced weight 1.00) index:1 Bndap: index58 
2.555  #
    state duration index: 603
    state:2  #Frames:7  Mcep index:6 logF0 (unvoiced weight 1.00) index:1 Bndap: index63 
    state:3  #Frames:8  Mcep index:180 logF0 (unvoiced weight 1.00) index:16 Bndap: index48 
    state:4  #Frames:8  Mcep index:4 logF0 (unvoiced weight 1.00) index:34 Bndap: index32 
    state:5  #Frames:27  Mcep index:1 logF0 (unvoiced weight 1.00) index:58 Bndap: index5 
    state:6  #Frames:2  Mcep index:1 logF0 (unvoiced weight 1.00) index:605 Bndap: index1 
V/UV modifed frames: 4 voiced frame: 291 total frame:563
